<?xml version="1.0" encoding="UTF-8"?>
<testsuite xmlns:xsi="http://www.w3.org/2001/XMLSchema-instance" xsi:noNamespaceSchemaLocation="https://maven.apache.org/surefire/maven-surefire-plugin/xsd/surefire-test-report-3.0.xsd" version="3.0" name="com.compiler.delphi.DelphiTest" time="0.115" tests="8" errors="0" skipped="0" failures="0">
  <properties>
[...]
</properties>
  <testcase name="testSimpleScope" classname="com.compiler.delphi.DelphiTest" time="0.077">
    <system-out><![CDATA[
--- Testing simpleScope.pas ---
Output from test: 
Interpreting program: SimpleScopeTest
Declaring variables with type: integer
Declaring variable: x with default value: 0
Registered procedure: outerproc
Expression left side evaluated to: null
Assignment: x := null
Updated variable x in scope 0 with value null
*** PROCEDURE CALL: writeln ***
Expression left side evaluated to: null
Found variable x in scope 0 with value null
Expression left side evaluated to: null
null null
*** PROCEDURE CALL: outerproc ***
In OuterProc: x = 10
In OuterProc: y = 20
*** PROCEDURE CALL: writeln ***
Expression left side evaluated to: null
Found variable x in scope 0 with value 15
Expression left side evaluated to: 15
null 15
Interpretation finished.

--- Finished simpleScope.pas test ---
]]></system-out>
  </testcase>
  <testcase name="testWhileLoop" classname="com.compiler.delphi.DelphiTest" time="0.001">
    <system-out><![CDATA[
--- Testing whileLoop.pas ---
Output from test: 
1
2
3
4
5

--- Finished whileLoop.pas test ---
Output from test: 
1
2
3
4
5

]]></system-out>
  </testcase>
  <testcase name="testForLoop" classname="com.compiler.delphi.DelphiTest" time="0">
    <system-out><![CDATA[
--- Testing forLoop.pas ---
Output from test: 
1
2
3
4
5

--- Finished forLoop.pas test ---
Output from test: 
1
2
3
4
5

]]></system-out>
  </testcase>
  <testcase name="testBreakStatement" classname="com.compiler.delphi.DelphiTest" time="0.001">
    <system-out><![CDATA[
--- Testing breakTest.pas ---
Output from test: 
1
2
3
4
5
Loop exited with break

--- Finished breakTest.pas test ---
]]></system-out>
  </testcase>
  <testcase name="testContinueStatement" classname="com.compiler.delphi.DelphiTest" time="0.001">
    <system-out><![CDATA[
--- Testing continueTest.pas ---
Output from test: 
1
3
5
7
9
Loop completed with continue

--- Finished continueTest.pas test ---
]]></system-out>
  </testcase>
  <testcase name="testRepeatLoop" classname="com.compiler.delphi.DelphiTest" time="0.001">
    <system-out><![CDATA[
--- Testing repeatLoop.pas ---
Output from test: 
1
2
3
4
5

--- Finished repeatLoop.pas test ---
Output from test: 
1
2
3
4
5

]]></system-out>
  </testcase>
  <testcase name="testSimpleProcedure" classname="com.compiler.delphi.DelphiTest" time="0.001">
    <system-out><![CDATA[
--- Testing simpleProcedure.pas ---
Output from test: 
Value is: 5
Hello from procedure
Procedure completed

--- Finished simpleProcedure.pas test ---
]]></system-out>
  </testcase>
  <testcase name="testSimpleFunction" classname="com.compiler.delphi.DelphiTest" time="0"/>
</testsuite>